0 info it worked if it ends with ok
1 verbose cli [ 'node',
1 verbose cli   '/usr/local/bin/npm',
1 verbose cli   'install',
1 verbose cli   '--save',
1 verbose cli   'webdriver_update' ]
2 info using npm@2.7.5
3 info using node@v0.12.2
4 verbose node symlink /usr/local/bin/node
5 warn package.json mean_todo_web_app@1.0.0 No description
6 warn package.json mean_todo_web_app@1.0.0 No README data
7 silly cache add args [ 'webdriver_update', null ]
8 verbose cache add spec webdriver_update
9 silly cache add parsed spec { raw: 'webdriver_update',
9 silly cache add   scope: null,
9 silly cache add   name: 'webdriver_update',
9 silly cache add   rawSpec: '',
9 silly cache add   spec: '*',
9 silly cache add   type: 'range' }
10 verbose addNamed webdriver_update@*
11 silly addNamed semver.valid null
12 silly addNamed semver.validRange *
13 silly addNameRange { name: 'webdriver_update', range: '*', hasData: false }
14 silly mapToRegistry name webdriver_update
15 silly mapToRegistry using default registry
16 silly mapToRegistry registry https://registry.npmjs.org/
17 silly mapToRegistry uri https://registry.npmjs.org/webdriver_update
18 verbose addNameRange registry:https://registry.npmjs.org/webdriver_update not in flight; fetching
19 verbose request uri https://registry.npmjs.org/webdriver_update
20 verbose request no auth needed
21 info attempt registry request try #1 at 19:11:47
22 verbose request id f16c3ebb432fbeaf
23 http request GET https://registry.npmjs.org/webdriver_update
24 http 404 https://registry.npmjs.org/webdriver_update
25 verbose headers { 'content-type': 'application/json',
25 verbose headers   'cache-control': 'max-age=0',
25 verbose headers   'content-length': '2',
25 verbose headers   'accept-ranges': 'bytes',
25 verbose headers   date: 'Mon, 05 Oct 2015 16:11:48 GMT',
25 verbose headers   via: '1.1 varnish',
25 verbose headers   age: '0',
25 verbose headers   connection: 'keep-alive',
25 verbose headers   'x-served-by': 'cache-fra1237-FRA',
25 verbose headers   'x-cache': 'MISS',
25 verbose headers   'x-cache-hits': '0',
25 verbose headers   'x-timer': 'S1444061508.448326,VS0,VE425' }
26 silly get cb [ 404,
26 silly get   { 'content-type': 'application/json',
26 silly get     'cache-control': 'max-age=0',
26 silly get     'content-length': '2',
26 silly get     'accept-ranges': 'bytes',
26 silly get     date: 'Mon, 05 Oct 2015 16:11:48 GMT',
26 silly get     via: '1.1 varnish',
26 silly get     age: '0',
26 silly get     connection: 'keep-alive',
26 silly get     'x-served-by': 'cache-fra1237-FRA',
26 silly get     'x-cache': 'MISS',
26 silly get     'x-cache-hits': '0',
26 silly get     'x-timer': 'S1444061508.448326,VS0,VE425' } ]
27 verbose stack Error: Registry returned 404 for GET on https://registry.npmjs.org/webdriver_update
27 verbose stack     at CachingRegistryClient.<anonymous> (/usr/local/lib/node_modules/npm/node_modules/npm-registry-client/lib/request.js:239:14)
27 verbose stack     at Request._callback (/usr/local/lib/node_modules/npm/node_modules/npm-registry-client/lib/request.js:170:14)
27 verbose stack     at Request.self.callback (/usr/local/lib/node_modules/npm/node_modules/request/request.js:360:22)
27 verbose stack     at Request.emit (events.js:110:17)
27 verbose stack     at Request.<anonymous> (/usr/local/lib/node_modules/npm/node_modules/request/request.js:1202:14)
27 verbose stack     at Request.emit (events.js:129:20)
27 verbose stack     at IncomingMessage.<anonymous> (/usr/local/lib/node_modules/npm/node_modules/request/request.js:1150:12)
27 verbose stack     at IncomingMessage.emit (events.js:129:20)
27 verbose stack     at _stream_readable.js:908:16
27 verbose stack     at process._tickCallback (node.js:355:11)
28 verbose statusCode 404
29 verbose pkgid webdriver_update
30 verbose cwd /Users/ulnda/JS:HTML:CSS/mean_todo_web_app
31 error Darwin 14.3.0
32 error argv "node" "/usr/local/bin/npm" "install" "--save" "webdriver_update"
33 error node v0.12.2
34 error npm  v2.7.5
35 error code E404
36 error 404 Registry returned 404 for GET on https://registry.npmjs.org/webdriver_update
36 error 404
36 error 404 'webdriver_update' is not in the npm registry.
36 error 404 You should bug the author to publish it (or use the name yourself!)
36 error 404 It was specified as a dependency of 'mean_todo_web_app'
36 error 404
36 error 404 Note that you can also install from a
36 error 404 tarball, folder, http url, or git url.
37 verbose exit [ 1, true ]
